<?xml version="1.0" encoding="utf-8"?><testsuites name="pytest tests"><testsuite name="pytest" errors="0" failures="3" skipped="0" tests="9" time="0.964" timestamp="2026-07-15T21:39:48.311455+08:00" hostname="SG-NB288"><testcase classname="test_file1" name="test_username_not_empty[user0]" time="0.447"><failure message="AssertionError: wronggggg&#10;assert [1, 2, 3, 4, 5, 6, ...] == [1]&#10;  &#10;  Left contains 66 more items, first extra item: #x1B[0m#x1B[94m2#x1B[39;49;00m#x1B[90m#x1B[39;49;00m&#10;  &#10;  Full diff:&#10;  #x1B[0m#x1B[90m #x1B[39;49;00m [#x1B[90m#x1B[39;49;00m&#10;  #x1B[90m #x1B[39;49;00m     1,#x1B[90m#x1B[39;49;00m&#10;  #x1B[92m+     2,#x1B[39;49;00m#x1B[90m#x1B[39;49;00m...&#10;  &#10;  ...Full output truncated (66 lines hidden), use '-vv' to show">test_file1.py:33: in test_username_not_empty
    assert all_sportIDs_dict == [1], "wronggggg"
E   AssertionError: wronggggg
E   assert [1, 2, 3, 4, 5, 6, ...] == [1]
E     
E     Left contains 66 more items, first extra item: #x1B[0m#x1B[94m2#x1B[39;49;00m#x1B[90m#x1B[39;49;00m
E     
E     Full diff:
E     #x1B[0m#x1B[90m #x1B[39;49;00m [#x1B[90m#x1B[39;49;00m
E     #x1B[90m #x1B[39;49;00m     1,#x1B[90m#x1B[39;49;00m
E     #x1B[92m+     2,#x1B[39;49;00m#x1B[90m#x1B[39;49;00m...
E     
E     ...Full output truncated (66 lines hidden), use '-vv' to show</failure></testcase><testcase classname="test_file1" name="test_username_not_empty[user1]" time="0.185"><failure message="AssertionError: wronggggg&#10;assert [1, 2, 3, 4, 5, 6, ...] == [1]&#10;  &#10;  Left contains 66 more items, first extra item: #x1B[0m#x1B[94m2#x1B[39;49;00m#x1B[90m#x1B[39;49;00m&#10;  &#10;  Full diff:&#10;  #x1B[0m#x1B[90m #x1B[39;49;00m [#x1B[90m#x1B[39;49;00m&#10;  #x1B[90m #x1B[39;49;00m     1,#x1B[90m#x1B[39;49;00m&#10;  #x1B[92m+     2,#x1B[39;49;00m#x1B[90m#x1B[39;49;00m...&#10;  &#10;  ...Full output truncated (66 lines hidden), use '-vv' to show">test_file1.py:33: in test_username_not_empty
    assert all_sportIDs_dict == [1], "wronggggg"
E   AssertionError: wronggggg
E   assert [1, 2, 3, 4, 5, 6, ...] == [1]
E     
E     Left contains 66 more items, first extra item: #x1B[0m#x1B[94m2#x1B[39;49;00m#x1B[90m#x1B[39;49;00m
E     
E     Full diff:
E     #x1B[0m#x1B[90m #x1B[39;49;00m [#x1B[90m#x1B[39;49;00m
E     #x1B[90m #x1B[39;49;00m     1,#x1B[90m#x1B[39;49;00m
E     #x1B[92m+     2,#x1B[39;49;00m#x1B[90m#x1B[39;49;00m...
E     
E     ...Full output truncated (66 lines hidden), use '-vv' to show</failure></testcase><testcase classname="test_file1" name="test_username_not_empty[user2]" time="0.188"><failure message="AssertionError: wronggggg&#10;assert [1, 2, 3, 4, 5, 6, ...] == [1]&#10;  &#10;  Left contains 66 more items, first extra item: #x1B[0m#x1B[94m2#x1B[39;49;00m#x1B[90m#x1B[39;49;00m&#10;  &#10;  Full diff:&#10;  #x1B[0m#x1B[90m #x1B[39;49;00m [#x1B[90m#x1B[39;49;00m&#10;  #x1B[90m #x1B[39;49;00m     1,#x1B[90m#x1B[39;49;00m&#10;  #x1B[92m+     2,#x1B[39;49;00m#x1B[90m#x1B[39;49;00m...&#10;  &#10;  ...Full output truncated (66 lines hidden), use '-vv' to show">test_file1.py:33: in test_username_not_empty
    assert all_sportIDs_dict == [1], "wronggggg"
E   AssertionError: wronggggg
E   assert [1, 2, 3, 4, 5, 6, ...] == [1]
E     
E     Left contains 66 more items, first extra item: #x1B[0m#x1B[94m2#x1B[39;49;00m#x1B[90m#x1B[39;49;00m
E     
E     Full diff:
E     #x1B[0m#x1B[90m #x1B[39;49;00m [#x1B[90m#x1B[39;49;00m
E     #x1B[90m #x1B[39;49;00m     1,#x1B[90m#x1B[39;49;00m
E     #x1B[92m+     2,#x1B[39;49;00m#x1B[90m#x1B[39;49;00m...
E     
E     ...Full output truncated (66 lines hidden), use '-vv' to show</failure></testcase><testcase classname="test_file1" name="test_role_is_valid[user0]" time="0.001" /><testcase classname="test_file1" name="test_role_is_valid[user1]" time="0.001" /><testcase classname="test_file1" name="test_role_is_valid[user2]" time="0.000" /><testcase classname="test_file1" name="test_admin_privilege[user0]" time="0.000" /><testcase classname="test_file1" name="test_admin_privilege[user1]" time="0.000" /><testcase classname="test_file1" name="test_admin_privilege[user2]" time="0.046" /></testsuite></testsuites>